2025-04-01 23:56:17.131 [info] Extension host with pid 647 started
2025-04-01 23:56:17.131 [error] Error: EEXIST: file already exists, open '/home/aituter/.vscode-server/data/User/workspaceStorage/d21591536bca993b7ac21f0ae52d14a9/vscode.lock'
2025-04-01 23:56:17.380 [info] Lock '/home/aituter/.vscode-server/data/User/workspaceStorage/d21591536bca993b7ac21f0ae52d14a9/vscode.lock': Could not acquire lock, checking if the file is stale.
2025-04-01 23:56:17.416 [info] ExtensionService#_doActivateExtension vscode.git-base, startup: false, activationEvent: '*', root cause: vscode.git
2025-04-01 23:56:17.423 [info] ExtensionService#_doActivateExtension vscode.tunnel-forwarding, startup: false, activationEvent: 'onTunnel'
2025-04-01 23:56:17.426 [info] ExtensionService#_doActivateExtension vscode.emmet, startup: false, activationEvent: 'onLanguage'
2025-04-01 23:56:17.427 [info] ExtensionService#_doActivateExtension vscode.typescript-language-features, startup: false, activationEvent: 'onLanguage:javascript'
2025-04-01 23:56:18.457 [info] ExtensionService#_doActivateExtension vscode.npm, startup: true, activationEvent: 'workspaceContains:package.json'
2025-04-01 23:56:19.121 [info] Lock '/home/aituter/.vscode-server/data/User/workspaceStorage/d21591536bca993b7ac21f0ae52d14a9/vscode.lock': The pid 27272 appears to be gone.
2025-04-01 23:56:19.121 [info] Lock '/home/aituter/.vscode-server/data/User/workspaceStorage/d21591536bca993b7ac21f0ae52d14a9/vscode.lock': Deleting a stale lock.
2025-04-01 23:56:19.172 [info] Lock '/home/aituter/.vscode-server/data/User/workspaceStorage/d21591536bca993b7ac21f0ae52d14a9/vscode.lock': Lock acquired.
2025-04-01 23:56:21.239 [info] ExtensionService#_doActivateExtension vscode.git, startup: false, activationEvent: '*'
2025-04-01 23:56:21.239 [info] ExtensionService#_doActivateExtension vscode.github, startup: false, activationEvent: '*'
2025-04-01 23:56:27.766 [info] Eager extensions activated
2025-04-01 23:56:27.773 [info] ExtensionService#_doActivateExtension vscode.debug-auto-launch, startup: false, activationEvent: 'onStartupFinished'
2025-04-01 23:56:27.781 [info] ExtensionService#_doActivateExtension vscode.merge-conflict, startup: false, activationEvent: 'onStartupFinished'
2025-04-01 23:56:33.780 [info] ExtensionService#_doActivateExtension vscode.configuration-editing, startup: false, activationEvent: 'onLanguage:json'
2025-04-01 23:56:33.789 [info] ExtensionService#_doActivateExtension vscode.extension-editing, startup: false, activationEvent: 'onLanguage:json'
2025-04-01 23:56:33.800 [info] ExtensionService#_doActivateExtension vscode.json-language-features, startup: false, activationEvent: 'onLanguage:json'
2025-04-02 03:54:51.150 [info] ExtensionService#_doActivateExtension vscode.markdown-language-features, startup: false, activationEvent: 'onLanguage:markdown'
2025-04-03 08:20:29.550 [info] Extension host terminating: renderer disconnected for too long (1)
2025-04-03 08:20:29.569 [info] Lock '/home/aituter/.vscode-server/data/User/workspaceStorage/d21591536bca993b7ac21f0ae52d14a9/vscode.lock': Marking the lockfile as scheduled to be released in 6000 ms.
2025-04-03 08:20:29.908 [info] Extension host with pid 647 exiting with code 0
