0 verbose cli /usr/bin/node /usr/bin/npm
1 info using npm@9.2.0
2 info using node@v18.19.0
3 timing npm:load:whichnode Completed in 1ms
4 timing config:load:defaults Completed in 6ms
5 timing config:load:file:/usr/share/nodejs/npm/npmrc Completed in 7ms
6 timing config:load:builtin Completed in 8ms
7 timing config:load:cli Completed in 11ms
8 timing config:load:env Completed in 2ms
9 timing config:load:file:/home/aituter/.cache/typescript/5.8/.npmrc Completed in 1ms
10 timing config:load:project Completed in 11ms
11 timing config:load:file:/home/aituter/.npmrc Completed in 0ms
12 timing config:load:user Completed in 1ms
13 timing config:load:file:/etc/npmrc Completed in 0ms
14 timing config:load:global Completed in 0ms
15 timing config:load:setEnvs Completed in 2ms
16 timing config:load Completed in 44ms
17 timing npm:load:configload Completed in 44ms
18 timing npm:load:mkdirpcache Completed in 0ms
19 timing npm:load:mkdirplogs Completed in 0ms
20 verbose title npm install @types/cors@ts5.8 @types/express@ts5.8 @types/jsonwebtoken@ts5.8
21 verbose argv "install" "--ignore-scripts" "@types/cors@ts5.8" "@types/express@ts5.8" "@types/jsonwebtoken@ts5.8" "--save-dev" "--user-agent" "typesInstaller/5.8.2"
22 timing npm:load:setTitle Completed in 5ms
23 timing config:load:flatten Completed in 11ms
24 timing npm:load:display Completed in 15ms
25 verbose logfile logs-max:10 dir:/home/aituter/.npm/_logs/2025-04-03T08_28_20_174Z-
26 verbose logfile /home/aituter/.npm/_logs/2025-04-03T08_28_20_174Z-debug-0.log
27 timing npm:load:logFile Completed in 28ms
28 timing npm:load:timers Completed in 0ms
29 timing npm:load:configScope Completed in 0ms
30 timing npm:load Completed in 96ms
31 silly logfile done cleaning log files
32 timing config:load:flatten Completed in 2ms
33 timing arborist:ctor Completed in 2ms
34 timing idealTree:init Completed in 165ms
35 timing arborist:ctor Completed in 1ms
36 http fetch GET 200 https://registry.npmjs.org/@types%2fcors 853ms (cache updated)
37 http fetch GET 200 https://registry.npmjs.org/@types%2fexpress 863ms (cache updated)
38 http fetch GET 200 https://registry.npmjs.org/@types%2fjsonwebtoken 869ms (cache updated)
39 timing idealTree:userRequests Completed in 924ms
40 silly idealTree buildDeps
41 silly fetch manifest @types/cors@2.8.17
42 silly fetch manifest @types/express@5.0.1
43 silly fetch manifest @types/jsonwebtoken@9.0.9
44 silly placeDep ROOT @types/cors@2.8.17 REPLACE for:  want: 2.8.17
45 silly placeDep ROOT @types/express@5.0.1 REPLACE for:  want: 5.0.1
46 silly placeDep ROOT @types/jsonwebtoken@9.0.9 REPLACE for:  want: 9.0.9
47 timing idealTree:#root Completed in 82ms
48 timing idealTree:node_modules/@types/cors Completed in 0ms
49 timing idealTree:node_modules/@types/express Completed in 0ms
50 timing idealTree:node_modules/@types/jsonwebtoken Completed in 0ms
51 timing idealTree:buildDeps Completed in 94ms
52 timing idealTree:fixDepFlags Completed in 2ms
53 timing idealTree Completed in 1198ms
54 timing reify:loadTrees Completed in 1206ms
55 timing reify:diffTrees Completed in 16ms
56 silly reify moves {}
57 timing reify:retireShallow Completed in 4ms
58 timing reify:createSparse Completed in 0ms
59 timing reify:loadBundles Completed in 0ms
60 silly audit bulk request {
60 silly audit   '@types/body-parser': [ '1.19.5' ],
60 silly audit   '@types/connect': [ '3.4.38' ],
60 silly audit   '@types/express-serve-static-core': [ '5.0.6' ],
60 silly audit   '@types/http-errors': [ '2.0.4' ],
60 silly audit   '@types/merge-descriptors': [ '1.0.3' ],
60 silly audit   '@types/mime': [ '1.3.5' ],
60 silly audit   '@types/ms': [ '2.1.0' ],
60 silly audit   '@types/node': [ '22.13.16' ],
60 silly audit   '@types/object-assign': [ '4.0.33' ],
60 silly audit   '@types/qs': [ '6.9.18' ],
60 silly audit   '@types/range-parser': [ '1.2.7' ],
60 silly audit   '@types/send': [ '0.17.4' ],
60 silly audit   '@types/serve-static': [ '1.15.7' ],
60 silly audit   '@types/vary': [ '1.1.3' ],
60 silly audit   'types-registry': [ '0.1.714' ],
60 silly audit   'undici-types': [ '6.20.0' ],
60 silly audit   '@types/cors': [ '2.8.17' ],
60 silly audit   '@types/express': [ '5.0.1' ],
60 silly audit   '@types/jsonwebtoken': [ '9.0.9' ]
60 silly audit }
61 timing reify:unpack Completed in 1ms
62 timing reify:unretire Completed in 1ms
63 timing build:queue Completed in 0ms
64 timing build:deps Completed in 1ms
65 timing build Completed in 2ms
66 timing reify:build Completed in 4ms
67 timing reify:trash Completed in 0ms
68 timing reify:save Completed in 69ms
69 http fetch POST 200 https://registry.npmjs.org/-/npm/v1/security/advisories/bulk 339ms
70 timing auditReport:getReport Completed in 349ms
71 silly audit report {}
72 timing auditReport:init Completed in 0ms
73 timing reify:audit Completed in 353ms
74 timing reify Completed in 1594ms
75 timing command:install Completed in 1620ms
76 verbose exit 0
77 timing npm Completed in 1772ms
78 info ok
