0 verbose cli /usr/bin/node /usr/bin/npm
1 info using npm@9.2.0
2 info using node@v18.19.0
3 timing npm:load:whichnode Completed in 1ms
4 timing config:load:defaults Completed in 5ms
5 timing config:load:file:/usr/share/nodejs/npm/npmrc Completed in 5ms
6 timing config:load:builtin Completed in 7ms
7 timing config:load:cli Completed in 4ms
8 timing config:load:env Completed in 1ms
9 timing config:load:project Completed in 3ms
10 timing config:load:file:/home/aituter/.npmrc Completed in 0ms
11 timing config:load:user Completed in 0ms
12 timing config:load:file:/etc/npmrc Completed in 0ms
13 timing config:load:global Completed in 1ms
14 timing config:load:setEnvs Completed in 2ms
15 timing config:load Completed in 25ms
16 timing npm:load:configload Completed in 25ms
17 timing npm:load:mkdirpcache Completed in 1ms
18 timing npm:load:mkdirplogs Completed in 0ms
19 verbose title npm install jsonwebtoken dotenv
20 verbose argv "install" "jsonwebtoken" "dotenv"
21 timing npm:load:setTitle Completed in 4ms
22 timing config:load:flatten Completed in 10ms
23 timing npm:load:display Completed in 13ms
24 verbose logfile logs-max:10 dir:/home/aituter/.npm/_logs/2025-04-01T18_19_06_122Z-
25 verbose logfile /home/aituter/.npm/_logs/2025-04-01T18_19_06_122Z-debug-0.log
26 timing npm:load:logFile Completed in 19ms
27 timing npm:load:timers Completed in 0ms
28 timing npm:load:configScope Completed in 0ms
29 timing npm:load Completed in 66ms
30 silly logfile done cleaning log files
31 timing config:load:flatten Completed in 2ms
32 timing arborist:ctor Completed in 2ms
33 timing idealTree:init Completed in 268ms
34 timing idealTree:userRequests Completed in 7ms
35 silly idealTree buildDeps
36 silly fetch manifest jsonwebtoken@*
37 timing arborist:ctor Completed in 0ms
38 http fetch GET 200 https://registry.npmjs.org/jsonwebtoken 818ms (cache miss)
39 silly fetch manifest dotenv@*
40 http fetch GET 200 https://registry.npmjs.org/dotenv 138ms (cache miss)
41 silly placeDep ROOT dotenv@16.4.7 OK for:  want: *
42 silly placeDep ROOT jsonwebtoken@9.0.2 OK for:  want: *
43 silly fetch manifest ms@^2.1.1
44 silly fetch manifest jws@^3.2.2
45 silly fetch manifest semver@^7.5.4
46 silly fetch manifest lodash.once@^4.0.0
47 silly fetch manifest lodash.includes@^4.3.0
48 silly fetch manifest lodash.isnumber@^3.0.3
49 silly fetch manifest lodash.isstring@^4.0.1
50 silly fetch manifest lodash.isboolean@^3.0.3
51 silly fetch manifest lodash.isinteger@^4.0.4
52 silly fetch manifest lodash.isplainobject@^4.0.6
53 http fetch GET 200 https://registry.npmjs.org/jws 175ms (cache miss)
54 http fetch GET 200 https://registry.npmjs.org/lodash.isnumber 550ms (cache miss)
55 http fetch GET 200 https://registry.npmjs.org/lodash.once 554ms (cache miss)
56 http fetch GET 200 https://registry.npmjs.org/lodash.isboolean 556ms (cache miss)
57 http fetch GET 200 https://registry.npmjs.org/lodash.includes 564ms (cache miss)
58 http fetch GET 200 https://registry.npmjs.org/lodash.isstring 563ms (cache miss)
59 http fetch GET 200 https://registry.npmjs.org/lodash.isplainobject 562ms (cache miss)
60 http fetch GET 200 https://registry.npmjs.org/lodash.isinteger 566ms (cache miss)
61 http fetch GET 200 https://registry.npmjs.org/ms 581ms (cache updated)
62 http fetch GET 200 https://registry.npmjs.org/semver 592ms (cache updated)
63 timing idealTree:#root Completed in 1600ms
64 timing idealTree:node_modules/dotenv Completed in 1ms
65 silly placeDep ROOT jws@3.2.2 OK for: jsonwebtoken@9.0.2 want: ^3.2.2
66 silly placeDep ROOT lodash.includes@4.3.0 OK for: jsonwebtoken@9.0.2 want: ^4.3.0
67 silly placeDep ROOT lodash.isboolean@3.0.3 OK for: jsonwebtoken@9.0.2 want: ^3.0.3
68 silly placeDep ROOT lodash.isinteger@4.0.4 OK for: jsonwebtoken@9.0.2 want: ^4.0.4
69 silly placeDep ROOT lodash.isnumber@3.0.3 OK for: jsonwebtoken@9.0.2 want: ^3.0.3
70 silly placeDep ROOT lodash.isplainobject@4.0.6 OK for: jsonwebtoken@9.0.2 want: ^4.0.6
71 silly placeDep ROOT lodash.isstring@4.0.1 OK for: jsonwebtoken@9.0.2 want: ^4.0.1
72 silly placeDep ROOT lodash.once@4.1.1 OK for: jsonwebtoken@9.0.2 want: ^4.0.0
73 silly placeDep node_modules/jsonwebtoken ms@2.1.3 OK for: jsonwebtoken@9.0.2 want: ^2.1.1
74 silly placeDep ROOT semver@7.7.1 OK for: jsonwebtoken@9.0.2 want: ^7.5.4
75 silly fetch manifest jwa@^1.4.1
76 http fetch GET 200 https://registry.npmjs.org/jwa 172ms (cache miss)
77 timing idealTree:node_modules/jsonwebtoken Completed in 227ms
78 silly placeDep ROOT jwa@1.4.1 OK for: jws@3.2.2 want: ^1.4.1
79 silly fetch manifest buffer-equal-constant-time@1.0.1
80 silly fetch manifest ecdsa-sig-formatter@1.0.11
81 http fetch GET 200 https://registry.npmjs.org/buffer-equal-constant-time 190ms (cache miss)
82 http fetch GET 200 https://registry.npmjs.org/ecdsa-sig-formatter 202ms (cache miss)
83 timing idealTree:node_modules/jws Completed in 212ms
84 silly placeDep ROOT buffer-equal-constant-time@1.0.1 OK for: jwa@1.4.1 want: 1.0.1
85 silly placeDep ROOT ecdsa-sig-formatter@1.0.11 OK for: jwa@1.4.1 want: 1.0.11
86 timing idealTree:node_modules/jwa Completed in 46ms
87 timing idealTree:node_modules/buffer-equal-constant-time Completed in 1ms
88 timing idealTree:node_modules/ecdsa-sig-formatter Completed in 0ms
89 timing idealTree:node_modules/lodash.includes Completed in 0ms
90 timing idealTree:node_modules/lodash.isboolean Completed in 2ms
91 timing idealTree:node_modules/lodash.isinteger Completed in 0ms
92 timing idealTree:node_modules/lodash.isnumber Completed in 0ms
93 timing idealTree:node_modules/lodash.isplainobject Completed in 0ms
94 timing idealTree:node_modules/lodash.isstring Completed in 0ms
95 timing idealTree:node_modules/lodash.once Completed in 0ms
96 timing idealTree:node_modules/semver Completed in 0ms
97 timing idealTree:node_modules/jsonwebtoken/node_modules/ms Completed in 0ms
98 timing idealTree:buildDeps Completed in 2117ms
99 timing idealTree:fixDepFlags Completed in 6ms
100 timing idealTree Completed in 2423ms
101 timing reify:loadTrees Completed in 2427ms
102 timing reify:diffTrees Completed in 12ms
103 silly reify moves {}
104 timing reify:retireShallow Completed in 4ms
105 timing reify:createSparse Completed in 12ms
106 timing reify:loadBundles Completed in 0ms
107 silly audit bulk request {
107 silly audit   '@mongodb-js/saslprep': [ '1.2.0' ],
107 silly audit   '@types/webidl-conversions': [ '7.0.3' ],
107 silly audit   '@types/whatwg-url': [ '11.0.5' ],
107 silly audit   accepts: [ '1.3.8' ],
107 silly audit   'array-flatten': [ '1.1.1' ],
107 silly audit   'body-parser': [ '1.20.3' ],
107 silly audit   bson: [ '6.10.3' ],
107 silly audit   bytes: [ '3.1.2' ],
107 silly audit   'call-bind-apply-helpers': [ '1.0.2' ],
107 silly audit   'call-bound': [ '1.0.4' ],
107 silly audit   'content-disposition': [ '0.5.4' ],
107 silly audit   'content-type': [ '1.0.5' ],
107 silly audit   cookie: [ '0.7.1' ],
107 silly audit   'cookie-signature': [ '1.0.6' ],
107 silly audit   cors: [ '2.8.5' ],
107 silly audit   debug: [ '2.6.9' ],
107 silly audit   depd: [ '2.0.0' ],
107 silly audit   destroy: [ '1.2.0' ],
107 silly audit   'dunder-proto': [ '1.0.1' ],
107 silly audit   'ee-first': [ '1.1.1' ],
107 silly audit   encodeurl: [ '2.0.0', '1.0.2' ],
107 silly audit   'es-define-property': [ '1.0.1' ],
107 silly audit   'es-errors': [ '1.3.0' ],
107 silly audit   'es-object-atoms': [ '1.1.1' ],
107 silly audit   'escape-html': [ '1.0.3' ],
107 silly audit   etag: [ '1.8.1' ],
107 silly audit   express: [ '4.21.2' ],
107 silly audit   finalhandler: [ '1.3.1' ],
107 silly audit   forwarded: [ '0.2.0' ],
107 silly audit   fresh: [ '0.5.2' ],
107 silly audit   'function-bind': [ '1.1.2' ],
107 silly audit   'get-intrinsic': [ '1.3.0' ],
107 silly audit   'get-proto': [ '1.0.1' ],
107 silly audit   gopd: [ '1.2.0' ],
107 silly audit   'has-symbols': [ '1.1.0' ],
107 silly audit   hasown: [ '2.0.2' ],
107 silly audit   'http-errors': [ '2.0.0' ],
107 silly audit   'iconv-lite': [ '0.4.24' ],
107 silly audit   inherits: [ '2.0.4' ],
107 silly audit   'ipaddr.js': [ '1.9.1' ],
107 silly audit   'math-intrinsics': [ '1.1.0' ],
107 silly audit   'media-typer': [ '0.3.0' ],
107 silly audit   'memory-pager': [ '1.5.0' ],
107 silly audit   'merge-descriptors': [ '1.0.3' ],
107 silly audit   methods: [ '1.1.2' ],
107 silly audit   mime: [ '1.6.0' ],
107 silly audit   'mime-db': [ '1.52.0' ],
107 silly audit   'mime-types': [ '2.1.35' ],
107 silly audit   mongodb: [ '6.15.0' ],
107 silly audit   'mongodb-connection-string-url': [ '3.0.2' ],
107 silly audit   ms: [ '2.0.0', '2.1.3' ],
107 silly audit   negotiator: [ '0.6.3' ],
107 silly audit   'object-assign': [ '4.1.1' ],
107 silly audit   'object-inspect': [ '1.13.4' ],
107 silly audit   'on-finished': [ '2.4.1' ],
107 silly audit   parseurl: [ '1.3.3' ],
107 silly audit   'path-to-regexp': [ '0.1.12' ],
107 silly audit   'proxy-addr': [ '2.0.7' ],
107 silly audit   punycode: [ '2.3.1' ],
107 silly audit   qs: [ '6.13.0' ],
107 silly audit   'range-parser': [ '1.2.1' ],
107 silly audit   'raw-body': [ '2.5.2' ],
107 silly audit   'safe-buffer': [ '5.2.1' ],
107 silly audit   'safer-buffer': [ '2.1.2' ],
107 silly audit   send: [ '0.19.0' ],
107 silly audit   'serve-static': [ '1.16.2' ],
107 silly audit   setprototypeof: [ '1.2.0' ],
107 silly audit   'side-channel': [ '1.1.0' ],
107 silly audit   'side-channel-list': [ '1.0.0' ],
107 silly audit   'side-channel-map': [ '1.0.1' ],
107 silly audit   'side-channel-weakmap': [ '1.0.2' ],
107 silly audit   'sparse-bitfield': [ '3.0.3' ],
107 silly audit   statuses: [ '2.0.1' ],
107 silly audit   toidentifier: [ '1.0.1' ],
107 silly audit   tr46: [ '5.1.0' ],
107 silly audit   'type-is': [ '1.6.18' ],
107 silly audit   unpipe: [ '1.0.0' ],
107 silly audit   'utils-merge': [ '1.0.1' ],
107 silly audit   vary: [ '1.1.2' ],
107 silly audit   'webidl-conversions': [ '7.0.0' ],
107 silly audit   'whatwg-url': [ '14.2.0' ],
107 silly audit   dotenv: [ '16.4.7' ],
107 silly audit   jsonwebtoken: [ '9.0.2' ],
107 silly audit   jws: [ '3.2.2' ],
107 silly audit   'lodash.includes': [ '4.3.0' ],
107 silly audit   'lodash.isboolean': [ '3.0.3' ],
107 silly audit   'lodash.isinteger': [ '4.0.4' ],
107 silly audit   'lodash.isnumber': [ '3.0.3' ],
107 silly audit   'lodash.isplainobject': [ '4.0.6' ],
107 silly audit   'lodash.isstring': [ '4.0.1' ],
107 silly audit   'lodash.once': [ '4.1.1' ],
107 silly audit   semver: [ '7.7.1' ],
107 silly audit   jwa: [ '1.4.1' ],
107 silly audit   'buffer-equal-constant-time': [ '1.0.1' ],
107 silly audit   'ecdsa-sig-formatter': [ '1.0.11' ]
107 silly audit }
108 silly tarball no local data for ecdsa-sig-formatter@https://registry.npmjs.org/ecdsa-sig-formatter/-/ecdsa-sig-formatter-1.0.11.tgz. Extracting by manifest.
109 silly tarball no local data for buffer-equal-constant-time@https://registry.npmjs.org/buffer-equal-constant-time/-/buffer-equal-constant-time-1.0.1.tgz. Extracting by manifest.
110 silly tarball no local data for jwa@https://registry.npmjs.org/jwa/-/jwa-1.4.1.tgz. Extracting by manifest.
111 silly tarball no local data for semver@https://registry.npmjs.org/semver/-/semver-7.7.1.tgz. Extracting by manifest.
112 silly tarball no local data for lodash.once@https://registry.npmjs.org/lodash.once/-/lodash.once-4.1.1.tgz. Extracting by manifest.
113 silly tarball no local data for lodash.isstring@https://registry.npmjs.org/lodash.isstring/-/lodash.isstring-4.0.1.tgz. Extracting by manifest.
114 silly tarball no local data for lodash.isplainobject@https://registry.npmjs.org/lodash.isplainobject/-/lodash.isplainobject-4.0.6.tgz. Extracting by manifest.
115 silly tarball no local data for lodash.isnumber@https://registry.npmjs.org/lodash.isnumber/-/lodash.isnumber-3.0.3.tgz. Extracting by manifest.
116 silly tarball no local data for lodash.isinteger@https://registry.npmjs.org/lodash.isinteger/-/lodash.isinteger-4.0.4.tgz. Extracting by manifest.
117 silly tarball no local data for lodash.isboolean@https://registry.npmjs.org/lodash.isboolean/-/lodash.isboolean-3.0.3.tgz. Extracting by manifest.
118 silly tarball no local data for lodash.includes@https://registry.npmjs.org/lodash.includes/-/lodash.includes-4.3.0.tgz. Extracting by manifest.
119 silly tarball no local data for jws@https://registry.npmjs.org/jws/-/jws-3.2.2.tgz. Extracting by manifest.
120 silly tarball no local data for jsonwebtoken@https://registry.npmjs.org/jsonwebtoken/-/jsonwebtoken-9.0.2.tgz. Extracting by manifest.
121 silly tarball no local data for dotenv@https://registry.npmjs.org/dotenv/-/dotenv-16.4.7.tgz. Extracting by manifest.
122 timing reifyNode:node_modules/jsonwebtoken/node_modules/ms Completed in 228ms
123 http fetch POST 200 https://registry.npmjs.org/-/npm/v1/security/advisories/bulk 565ms
124 timing auditReport:getReport Completed in 579ms
125 silly audit report {}
126 timing auditReport:init Completed in 0ms
127 timing reify:audit Completed in 583ms
128 http fetch GET 200 https://registry.npmjs.org/buffer-equal-constant-time/-/buffer-equal-constant-time-1.0.1.tgz 702ms (cache miss)
129 timing reifyNode:node_modules/buffer-equal-constant-time Completed in 771ms
130 http fetch GET 200 https://registry.npmjs.org/lodash.isinteger/-/lodash.isinteger-4.0.4.tgz 680ms (cache miss)
131 timing reifyNode:node_modules/lodash.isinteger Completed in 775ms
132 http fetch GET 200 https://registry.npmjs.org/lodash.isnumber/-/lodash.isnumber-3.0.3.tgz 707ms (cache miss)
133 timing reifyNode:node_modules/lodash.isnumber Completed in 794ms
134 http fetch GET 200 https://registry.npmjs.org/ecdsa-sig-formatter/-/ecdsa-sig-formatter-1.0.11.tgz 740ms (cache miss)
135 timing reifyNode:node_modules/ecdsa-sig-formatter Completed in 804ms
136 http fetch GET 200 https://registry.npmjs.org/lodash.isplainobject/-/lodash.isplainobject-4.0.6.tgz 723ms (cache miss)
137 timing reifyNode:node_modules/lodash.isplainobject Completed in 806ms
138 http fetch GET 200 https://registry.npmjs.org/lodash.once/-/lodash.once-4.1.1.tgz 732ms (cache miss)
139 timing reifyNode:node_modules/lodash.once Completed in 808ms
140 http fetch GET 200 https://registry.npmjs.org/lodash.isstring/-/lodash.isstring-4.0.1.tgz 741ms (cache miss)
141 timing reifyNode:node_modules/lodash.isstring Completed in 820ms
142 http fetch GET 200 https://registry.npmjs.org/jwa/-/jwa-1.4.1.tgz 759ms (cache miss)
143 timing reifyNode:node_modules/jwa Completed in 828ms
144 http fetch GET 200 https://registry.npmjs.org/lodash.isboolean/-/lodash.isboolean-3.0.3.tgz 729ms (cache miss)
145 timing reifyNode:node_modules/lodash.isboolean Completed in 828ms
146 http fetch GET 200 https://registry.npmjs.org/jws/-/jws-3.2.2.tgz 749ms (cache miss)
147 http fetch GET 200 https://registry.npmjs.org/lodash.includes/-/lodash.includes-4.3.0.tgz 783ms (cache miss)
148 timing reifyNode:node_modules/lodash.includes Completed in 887ms
149 timing reifyNode:node_modules/jws Completed in 897ms
150 http fetch GET 200 https://registry.npmjs.org/jsonwebtoken/-/jsonwebtoken-9.0.2.tgz 843ms (cache miss)
151 timing reifyNode:node_modules/jsonwebtoken Completed in 966ms
152 http fetch GET 200 https://registry.npmjs.org/dotenv/-/dotenv-16.4.7.tgz 850ms (cache miss)
153 timing reifyNode:node_modules/dotenv Completed in 976ms
154 http fetch GET 200 https://registry.npmjs.org/semver/-/semver-7.7.1.tgz 943ms (cache miss)
155 timing reifyNode:node_modules/semver Completed in 1014ms
156 timing reify:unpack Completed in 1017ms
157 timing reify:unretire Completed in 0ms
158 timing build:queue Completed in 3ms
159 timing build:link:node_modules/semver Completed in 6ms
160 timing build:link Completed in 6ms
161 timing build:deps Completed in 12ms
162 timing build Completed in 12ms
163 timing reify:build Completed in 13ms
164 timing reify:trash Completed in 0ms
165 timing reify:save Completed in 104ms
166 timing reify Completed in 3742ms
167 silly ADD node_modules/ecdsa-sig-formatter
168 silly ADD node_modules/buffer-equal-constant-time
169 silly ADD node_modules/jwa
170 silly ADD node_modules/semver
171 silly ADD node_modules/lodash.once
172 silly ADD node_modules/lodash.isstring
173 silly ADD node_modules/lodash.isplainobject
174 silly ADD node_modules/lodash.isnumber
175 silly ADD node_modules/lodash.isinteger
176 silly ADD node_modules/lodash.isboolean
177 silly ADD node_modules/lodash.includes
178 silly ADD node_modules/jws
179 silly ADD node_modules/jsonwebtoken
180 silly ADD node_modules/jsonwebtoken/node_modules/ms
181 silly ADD node_modules/dotenv
182 timing command:install Completed in 3790ms
183 verbose exit 0
184 timing npm Completed in 3904ms
185 info ok
