0 verbose cli /usr/bin/node /usr/bin/npm
1 info using npm@9.2.0
2 info using node@v18.19.0
3 timing npm:load:whichnode Completed in 1ms
4 timing config:load:defaults Completed in 5ms
5 timing config:load:file:/usr/share/nodejs/npm/npmrc Completed in 13ms
6 timing config:load:builtin Completed in 14ms
7 timing config:load:cli Completed in 4ms
8 timing config:load:env Completed in 1ms
9 timing config:load:file:/home/aituter/.cache/typescript/5.8/.npmrc Completed in 0ms
10 timing config:load:project Completed in 10ms
11 timing config:load:file:/home/aituter/.npmrc Completed in 1ms
12 timing config:load:user Completed in 1ms
13 timing config:load:file:/etc/npmrc Completed in 0ms
14 timing config:load:global Completed in 0ms
15 timing config:load:setEnvs Completed in 2ms
16 timing config:load Completed in 41ms
17 timing npm:load:configload Completed in 41ms
18 timing npm:load:mkdirpcache Completed in 1ms
19 timing npm:load:mkdirplogs Completed in 1ms
20 verbose title npm install types-registry@latest
21 verbose argv "install" "--ignore-scripts" "types-registry@latest"
22 timing npm:load:setTitle Completed in 4ms
23 timing config:load:flatten Completed in 16ms
24 timing npm:load:display Completed in 19ms
25 verbose logfile logs-max:10 dir:/home/aituter/.npm/_logs/2025-04-01T13_03_59_711Z-
26 verbose logfile /home/aituter/.npm/_logs/2025-04-01T13_03_59_711Z-debug-0.log
27 timing npm:load:logFile Completed in 20ms
28 timing npm:load:timers Completed in 0ms
29 timing npm:load:configScope Completed in 0ms
30 timing npm:load Completed in 91ms
31 silly logfile done cleaning log files
32 timing config:load:flatten Completed in 4ms
33 timing arborist:ctor Completed in 4ms
34 timing arborist:ctor Completed in 0ms
35 timing idealTree:init Completed in 79ms
36 http fetch GET 200 https://registry.npmjs.org/types-registry 851ms (cache miss)
37 timing idealTree:userRequests Completed in 897ms
38 silly idealTree buildDeps
39 silly fetch manifest types-registry@0.1.714
40 silly placeDep ROOT types-registry@0.1.714 OK for:  want: 0.1.714
41 timing idealTree:#root Completed in 25ms
42 timing idealTree:node_modules/types-registry Completed in 0ms
43 timing idealTree:buildDeps Completed in 30ms
44 timing idealTree:fixDepFlags Completed in 1ms
45 timing idealTree Completed in 1011ms
46 timing reify:loadTrees Completed in 1017ms
47 timing reify:diffTrees Completed in 3ms
48 silly reify moves {}
49 timing reify:retireShallow Completed in 4ms
50 timing reify:createSparse Completed in 3ms
51 timing reify:loadBundles Completed in 0ms
52 silly audit bulk request { 'types-registry': [ '0.1.714' ] }
53 silly tarball no local data for types-registry@https://registry.npmjs.org/types-registry/-/types-registry-0.1.714.tgz. Extracting by manifest.
54 http fetch POST 200 https://registry.npmjs.org/-/npm/v1/security/advisories/bulk 377ms
55 timing auditReport:getReport Completed in 384ms
56 silly audit report {}
57 timing auditReport:init Completed in 0ms
58 timing reify:audit Completed in 391ms
59 http fetch GET 200 https://registry.npmjs.org/types-registry/-/types-registry-0.1.714.tgz 735ms (cache miss)
60 timing reifyNode:node_modules/types-registry Completed in 761ms
61 timing reify:unpack Completed in 763ms
62 timing reify:unretire Completed in 1ms
63 timing build:queue Completed in 1ms
64 timing build:deps Completed in 2ms
65 timing build Completed in 3ms
66 timing reify:build Completed in 4ms
67 timing reify:trash Completed in 0ms
68 timing reify:save Completed in 25ms
69 timing reify Completed in 1856ms
70 silly ADD node_modules/types-registry
71 timing command:install Completed in 1886ms
72 verbose exit 0
73 timing npm Completed in 2056ms
74 info ok
