0 verbose cli /usr/bin/node /usr/bin/npm
1 info using npm@9.2.0
2 info using node@v18.19.0
3 timing npm:load:whichnode Completed in 1ms
4 timing config:load:defaults Completed in 5ms
5 timing config:load:file:/usr/share/nodejs/npm/npmrc Completed in 12ms
6 timing config:load:builtin Completed in 12ms
7 timing config:load:cli Completed in 7ms
8 timing config:load:env Completed in 2ms
9 timing config:load:file:/home/aituter/.cache/typescript/5.8/.npmrc Completed in 0ms
10 timing config:load:project Completed in 16ms
11 timing config:load:file:/home/aituter/.npmrc Completed in 1ms
12 timing config:load:user Completed in 1ms
13 timing config:load:file:/etc/npmrc Completed in 0ms
14 timing config:load:global Completed in 0ms
15 timing config:load:setEnvs Completed in 3ms
16 timing config:load Completed in 49ms
17 timing npm:load:configload Completed in 49ms
18 timing npm:load:mkdirpcache Completed in 0ms
19 timing npm:load:mkdirplogs Completed in 0ms
20 verbose title npm install @types/cors@ts5.8 @types/express@ts5.8
21 verbose argv "install" "--ignore-scripts" "@types/cors@ts5.8" "@types/express@ts5.8" "--save-dev" "--user-agent" "typesInstaller/5.8.2"
22 timing npm:load:setTitle Completed in 5ms
23 timing config:load:flatten Completed in 11ms
24 timing npm:load:display Completed in 15ms
25 verbose logfile logs-max:10 dir:/home/aituter/.npm/_logs/2025-04-01T16_56_52_015Z-
26 verbose logfile /home/aituter/.npm/_logs/2025-04-01T16_56_52_015Z-debug-0.log
27 timing npm:load:logFile Completed in 27ms
28 timing npm:load:timers Completed in 0ms
29 timing npm:load:configScope Completed in 0ms
30 timing npm:load Completed in 100ms
31 silly logfile done cleaning log files
32 timing config:load:flatten Completed in 2ms
33 timing arborist:ctor Completed in 3ms
34 timing idealTree:init Completed in 149ms
35 timing arborist:ctor Completed in 2ms
36 http fetch GET 200 https://registry.npmjs.org/@types%2fcors 734ms (cache updated)
37 http fetch GET 200 https://registry.npmjs.org/@types%2fexpress 759ms (cache updated)
38 timing idealTree:userRequests Completed in 802ms
39 silly idealTree buildDeps
40 silly fetch manifest @types/cors@2.8.17
41 silly fetch manifest @types/express@5.0.1
42 silly placeDep ROOT @types/cors@2.8.17 REPLACE for:  want: 2.8.17
43 silly placeDep ROOT @types/express@5.0.1 REPLACE for:  want: 5.0.1
44 timing idealTree:#root Completed in 38ms
45 timing idealTree:node_modules/@types/cors Completed in 0ms
46 timing idealTree:node_modules/@types/express Completed in 0ms
47 timing idealTree:buildDeps Completed in 43ms
48 timing idealTree:fixDepFlags Completed in 1ms
49 timing idealTree Completed in 1011ms
50 timing reify:loadTrees Completed in 1016ms
51 timing reify:diffTrees Completed in 7ms
52 silly reify moves {}
53 timing reify:retireShallow Completed in 4ms
54 timing reify:createSparse Completed in 0ms
55 timing reify:loadBundles Completed in 0ms
56 silly audit bulk request {
56 silly audit   '@types/body-parser': [ '1.19.5' ],
56 silly audit   '@types/connect': [ '3.4.38' ],
56 silly audit   '@types/express-serve-static-core': [ '5.0.6' ],
56 silly audit   '@types/http-errors': [ '2.0.4' ],
56 silly audit   '@types/merge-descriptors': [ '1.0.3' ],
56 silly audit   '@types/mime': [ '1.3.5' ],
56 silly audit   '@types/node': [ '22.13.16' ],
56 silly audit   '@types/object-assign': [ '4.0.33' ],
56 silly audit   '@types/qs': [ '6.9.18' ],
56 silly audit   '@types/range-parser': [ '1.2.7' ],
56 silly audit   '@types/send': [ '0.17.4' ],
56 silly audit   '@types/serve-static': [ '1.15.7' ],
56 silly audit   '@types/vary': [ '1.1.3' ],
56 silly audit   'types-registry': [ '0.1.714' ],
56 silly audit   'undici-types': [ '6.20.0' ],
56 silly audit   '@types/cors': [ '2.8.17' ],
56 silly audit   '@types/express': [ '5.0.1' ]
56 silly audit }
57 timing reify:unpack Completed in 1ms
58 timing reify:unretire Completed in 0ms
59 timing build:queue Completed in 0ms
60 timing build:deps Completed in 1ms
61 timing build Completed in 2ms
62 timing reify:build Completed in 2ms
63 timing reify:trash Completed in 0ms
64 timing reify:save Completed in 87ms
65 http fetch POST 200 https://registry.npmjs.org/-/npm/v1/security/advisories/bulk 399ms
66 timing auditReport:getReport Completed in 408ms
67 silly audit report {}
68 timing auditReport:init Completed in 0ms
69 timing reify:audit Completed in 412ms
70 timing reify Completed in 1452ms
71 timing command:install Completed in 1477ms
72 verbose exit 0
73 timing npm Completed in 1623ms
74 info ok
