0 verbose cli /usr/bin/node /usr/bin/npm
1 info using npm@9.2.0
2 info using node@v18.19.0
3 timing npm:load:whichnode Completed in 1ms
4 timing config:load:defaults Completed in 7ms
5 timing config:load:file:/usr/share/nodejs/npm/npmrc Completed in 17ms
6 timing config:load:builtin Completed in 18ms
7 timing config:load:cli Completed in 8ms
8 timing config:load:env Completed in 12ms
9 timing config:load:file:/home/aituter/.cache/typescript/5.8/.npmrc Completed in 1ms
10 timing config:load:project Completed in 22ms
11 timing config:load:file:/home/aituter/.npmrc Completed in 0ms
12 timing config:load:user Completed in 1ms
13 timing config:load:file:/etc/npmrc Completed in 0ms
14 timing config:load:global Completed in 0ms
15 timing config:load:setEnvs Completed in 4ms
16 timing config:load Completed in 75ms
17 timing npm:load:configload Completed in 75ms
18 timing npm:load:mkdirpcache Completed in 1ms
19 timing npm:load:mkdirplogs Completed in 0ms
20 verbose title npm install types-registry@latest
21 verbose argv "install" "--ignore-scripts" "types-registry@latest"
22 timing npm:load:setTitle Completed in 4ms
23 timing config:load:flatten Completed in 12ms
24 timing npm:load:display Completed in 17ms
25 verbose logfile logs-max:10 dir:/home/aituter/.npm/_logs/2025-04-01T16_56_48_198Z-
26 verbose logfile /home/aituter/.npm/_logs/2025-04-01T16_56_48_198Z-debug-0.log
27 timing npm:load:logFile Completed in 29ms
28 timing npm:load:timers Completed in 0ms
29 timing npm:load:configScope Completed in 0ms
30 timing npm:load Completed in 131ms
31 silly logfile done cleaning log files
32 timing config:load:flatten Completed in 1ms
33 timing arborist:ctor Completed in 4ms
34 timing idealTree:init Completed in 173ms
35 timing arborist:ctor Completed in 1ms
36 http fetch GET 200 https://registry.npmjs.org/types-registry 989ms (cache updated)
37 timing idealTree:userRequests Completed in 1041ms
38 silly idealTree buildDeps
39 silly fetch manifest types-registry@0.1.714
40 silly placeDep ROOT types-registry@0.1.714 REPLACE for:  want: 0.1.714
41 timing idealTree:#root Completed in 31ms
42 timing idealTree:node_modules/types-registry Completed in 0ms
43 timing idealTree:buildDeps Completed in 39ms
44 timing idealTree:fixDepFlags Completed in 2ms
45 timing idealTree Completed in 1268ms
46 timing reify:loadTrees Completed in 1276ms
47 timing reify:diffTrees Completed in 20ms
48 silly reify moves {}
49 timing reify:retireShallow Completed in 12ms
50 timing reify:createSparse Completed in 0ms
51 timing reify:loadBundles Completed in 0ms
52 silly audit bulk request {
52 silly audit   '@types/body-parser': [ '1.19.5' ],
52 silly audit   '@types/connect': [ '3.4.38' ],
52 silly audit   '@types/cors': [ '2.8.17' ],
52 silly audit   '@types/express': [ '5.0.1' ],
52 silly audit   '@types/express-serve-static-core': [ '5.0.6' ],
52 silly audit   '@types/http-errors': [ '2.0.4' ],
52 silly audit   '@types/merge-descriptors': [ '1.0.3' ],
52 silly audit   '@types/mime': [ '1.3.5' ],
52 silly audit   '@types/node': [ '22.13.16' ],
52 silly audit   '@types/object-assign': [ '4.0.33' ],
52 silly audit   '@types/qs': [ '6.9.18' ],
52 silly audit   '@types/range-parser': [ '1.2.7' ],
52 silly audit   '@types/send': [ '0.17.4' ],
52 silly audit   '@types/serve-static': [ '1.15.7' ],
52 silly audit   '@types/vary': [ '1.1.3' ],
52 silly audit   'undici-types': [ '6.20.0' ],
52 silly audit   'types-registry': [ '0.1.714' ]
52 silly audit }
53 timing reify:unpack Completed in 2ms
54 timing reify:unretire Completed in 0ms
55 timing build:queue Completed in 0ms
56 timing build:deps Completed in 2ms
57 timing build Completed in 3ms
58 timing reify:build Completed in 6ms
59 timing reify:trash Completed in 0ms
60 timing reify:save Completed in 96ms
61 http fetch POST 200 https://registry.npmjs.org/-/npm/v1/security/advisories/bulk 373ms
62 timing auditReport:getReport Completed in 389ms
63 silly audit report {}
64 timing auditReport:init Completed in 0ms
65 timing reify:audit Completed in 393ms
66 timing reify Completed in 1720ms
67 timing command:install Completed in 1743ms
68 verbose exit 0
69 timing npm Completed in 1965ms
70 info ok
