0 verbose cli /usr/bin/node /usr/bin/npm
1 info using npm@9.2.0
2 info using node@v18.19.0
3 timing npm:load:whichnode Completed in 1ms
4 timing config:load:defaults Completed in 5ms
5 timing config:load:file:/usr/share/nodejs/npm/npmrc Completed in 12ms
6 timing config:load:builtin Completed in 12ms
7 timing config:load:cli Completed in 7ms
8 timing config:load:env Completed in 1ms
9 timing config:load:file:/home/aituter/.cache/typescript/5.8/.npmrc Completed in 0ms
10 timing config:load:project Completed in 10ms
11 timing config:load:file:/home/aituter/.npmrc Completed in 0ms
12 timing config:load:user Completed in 1ms
13 timing config:load:file:/etc/npmrc Completed in 0ms
14 timing config:load:global Completed in 1ms
15 timing config:load:setEnvs Completed in 2ms
16 timing config:load Completed in 43ms
17 timing npm:load:configload Completed in 44ms
18 timing npm:load:mkdirpcache Completed in 1ms
19 timing npm:load:mkdirplogs Completed in 0ms
20 verbose title npm install @types/cors@ts5.8 @types/express@ts5.8 @types/jsonwebtoken@ts5.8
21 verbose argv "install" "--ignore-scripts" "@types/cors@ts5.8" "@types/express@ts5.8" "@types/jsonwebtoken@ts5.8" "--save-dev" "--user-agent" "typesInstaller/5.8.2"
22 timing npm:load:setTitle Completed in 6ms
23 timing config:load:flatten Completed in 16ms
24 timing npm:load:display Completed in 21ms
25 verbose logfile logs-max:10 dir:/home/aituter/.npm/_logs/2025-04-04T08_42_54_682Z-
26 verbose logfile /home/aituter/.npm/_logs/2025-04-04T08_42_54_682Z-debug-0.log
27 timing npm:load:logFile Completed in 24ms
28 timing npm:load:timers Completed in 0ms
29 timing npm:load:configScope Completed in 0ms
30 timing npm:load Completed in 99ms
31 silly logfile start cleaning logs, removing 1 files
32 timing config:load:flatten Completed in 13ms
33 timing arborist:ctor Completed in 4ms
34 silly logfile done cleaning log files
35 timing idealTree:init Completed in 341ms
36 timing arborist:ctor Completed in 0ms
37 http fetch GET 200 https://registry.npmjs.org/@types%2fcors 790ms (cache updated)
38 http fetch GET 200 https://registry.npmjs.org/@types%2fexpress 796ms (cache updated)
39 http fetch GET 200 https://registry.npmjs.org/@types%2fjsonwebtoken 888ms (cache updated)
40 timing idealTree:userRequests Completed in 930ms
41 silly idealTree buildDeps
42 silly fetch manifest @types/cors@2.8.17
43 silly fetch manifest @types/express@5.0.1
44 silly fetch manifest @types/jsonwebtoken@9.0.9
45 silly placeDep ROOT @types/cors@2.8.17 REPLACE for:  want: 2.8.17
46 silly placeDep ROOT @types/express@5.0.1 REPLACE for:  want: 5.0.1
47 silly placeDep ROOT @types/jsonwebtoken@9.0.9 REPLACE for:  want: 9.0.9
48 timing idealTree:#root Completed in 61ms
49 timing idealTree:node_modules/@types/cors Completed in 0ms
50 timing idealTree:node_modules/@types/express Completed in 0ms
51 timing idealTree:node_modules/@types/jsonwebtoken Completed in 0ms
52 timing idealTree:buildDeps Completed in 76ms
53 timing idealTree:fixDepFlags Completed in 1ms
54 timing idealTree Completed in 1359ms
55 timing reify:loadTrees Completed in 1363ms
56 timing reify:diffTrees Completed in 15ms
57 silly reify moves {}
58 timing reify:retireShallow Completed in 5ms
59 timing reify:createSparse Completed in 0ms
60 timing reify:loadBundles Completed in 0ms
61 silly audit bulk request {
61 silly audit   '@types/body-parser': [ '1.19.5' ],
61 silly audit   '@types/connect': [ '3.4.38' ],
61 silly audit   '@types/express-serve-static-core': [ '5.0.6' ],
61 silly audit   '@types/http-errors': [ '2.0.4' ],
61 silly audit   '@types/merge-descriptors': [ '1.0.3' ],
61 silly audit   '@types/mime': [ '1.3.5' ],
61 silly audit   '@types/ms': [ '2.1.0' ],
61 silly audit   '@types/node': [ '22.13.16' ],
61 silly audit   '@types/object-assign': [ '4.0.33' ],
61 silly audit   '@types/qs': [ '6.9.18' ],
61 silly audit   '@types/range-parser': [ '1.2.7' ],
61 silly audit   '@types/send': [ '0.17.4' ],
61 silly audit   '@types/serve-static': [ '1.15.7' ],
61 silly audit   '@types/vary': [ '1.1.3' ],
61 silly audit   'types-registry': [ '0.1.714' ],
61 silly audit   'undici-types': [ '6.20.0' ],
61 silly audit   '@types/cors': [ '2.8.17' ],
61 silly audit   '@types/express': [ '5.0.1' ],
61 silly audit   '@types/jsonwebtoken': [ '9.0.9' ]
61 silly audit }
62 timing reify:unpack Completed in 0ms
63 timing reify:unretire Completed in 1ms
64 timing build:queue Completed in 0ms
65 timing build:deps Completed in 1ms
66 timing build Completed in 2ms
67 timing reify:build Completed in 3ms
68 timing reify:trash Completed in 0ms
69 timing reify:save Completed in 61ms
70 http fetch POST 200 https://registry.npmjs.org/-/npm/v1/security/advisories/bulk 398ms
71 timing auditReport:getReport Completed in 407ms
72 silly audit report {}
73 timing auditReport:init Completed in 0ms
74 timing reify:audit Completed in 410ms
75 timing reify Completed in 1812ms
76 timing command:install Completed in 1848ms
77 verbose exit 0
78 timing npm Completed in 2011ms
79 info ok
