0 verbose cli /usr/bin/node /usr/bin/npm
1 info using npm@9.2.0
2 info using node@v18.19.0
3 timing npm:load:whichnode Completed in 0ms
4 timing config:load:defaults Completed in 12ms
5 timing config:load:file:/usr/share/nodejs/npm/npmrc Completed in 60ms
6 timing config:load:builtin Completed in 60ms
7 timing config:load:cli Completed in 41ms
8 timing config:load:env Completed in 11ms
9 timing config:load:file:/home/aituter/.cache/typescript/5.8/.npmrc Completed in 10ms
10 timing config:load:project Completed in 51ms
11 timing config:load:file:/home/aituter/.npmrc Completed in 0ms
12 timing config:load:user Completed in 1ms
13 timing config:load:file:/etc/npmrc Completed in 1ms
14 timing config:load:global Completed in 1ms
15 timing config:load:setEnvs Completed in 3ms
16 timing config:load Completed in 181ms
17 timing npm:load:configload Completed in 182ms
18 timing npm:load:mkdirpcache Completed in 14ms
19 timing npm:load:mkdirplogs Completed in 1ms
20 verbose title npm install @types/jsonwebtoken@ts5.8
21 verbose argv "install" "--ignore-scripts" "@types/jsonwebtoken@ts5.8" "--save-dev" "--user-agent" "typesInstaller/5.8.2"
22 timing npm:load:setTitle Completed in 4ms
23 timing config:load:flatten Completed in 43ms
24 timing npm:load:display Completed in 45ms
25 verbose logfile logs-max:10 dir:/home/aituter/.npm/_logs/2025-04-01T18_19_54_243Z-
26 verbose logfile /home/aituter/.npm/_logs/2025-04-01T18_19_54_243Z-debug-0.log
27 timing npm:load:logFile Completed in 55ms
28 timing npm:load:timers Completed in 0ms
29 timing npm:load:configScope Completed in 0ms
30 timing npm:load Completed in 320ms
31 silly logfile done cleaning log files
32 timing config:load:flatten Completed in 10ms
33 timing arborist:ctor Completed in 2ms
34 timing idealTree:init Completed in 361ms
35 timing arborist:ctor Completed in 1ms
36 http fetch GET 200 https://registry.npmjs.org/@types%2fjsonwebtoken 1030ms (cache miss)
37 timing idealTree:userRequests Completed in 1078ms
38 silly idealTree buildDeps
39 silly fetch manifest @types/jsonwebtoken@9.0.9
40 silly placeDep ROOT @types/jsonwebtoken@9.0.9 OK for:  want: 9.0.9
41 silly fetch manifest @types/ms@*
42 http fetch GET 200 https://registry.npmjs.org/@types%2fms 135ms (cache miss)
43 timing idealTree:#root Completed in 161ms
44 silly placeDep ROOT @types/ms@2.1.0 OK for: @types/jsonwebtoken@9.0.9 want: *
45 timing idealTree:node_modules/@types/jsonwebtoken Completed in 12ms
46 timing idealTree:node_modules/@types/ms Completed in 0ms
47 timing idealTree:buildDeps Completed in 182ms
48 timing idealTree:fixDepFlags Completed in 2ms
49 timing idealTree Completed in 1650ms
50 timing reify:loadTrees Completed in 1653ms
51 timing reify:diffTrees Completed in 15ms
52 silly reify moves {}
53 timing reify:retireShallow Completed in 10ms
54 timing reify:createSparse Completed in 7ms
55 timing reify:loadBundles Completed in 0ms
56 silly audit bulk request {
56 silly audit   '@types/body-parser': [ '1.19.5' ],
56 silly audit   '@types/connect': [ '3.4.38' ],
56 silly audit   '@types/cors': [ '2.8.17' ],
56 silly audit   '@types/express': [ '5.0.1' ],
56 silly audit   '@types/express-serve-static-core': [ '5.0.6' ],
56 silly audit   '@types/http-errors': [ '2.0.4' ],
56 silly audit   '@types/merge-descriptors': [ '1.0.3' ],
56 silly audit   '@types/mime': [ '1.3.5' ],
56 silly audit   '@types/node': [ '22.13.16' ],
56 silly audit   '@types/object-assign': [ '4.0.33' ],
56 silly audit   '@types/qs': [ '6.9.18' ],
56 silly audit   '@types/range-parser': [ '1.2.7' ],
56 silly audit   '@types/send': [ '0.17.4' ],
56 silly audit   '@types/serve-static': [ '1.15.7' ],
56 silly audit   '@types/vary': [ '1.1.3' ],
56 silly audit   'types-registry': [ '0.1.714' ],
56 silly audit   'undici-types': [ '6.20.0' ],
56 silly audit   '@types/jsonwebtoken': [ '9.0.9' ],
56 silly audit   '@types/ms': [ '2.1.0' ]
56 silly audit }
57 silly tarball no local data for @types/ms@https://registry.npmjs.org/@types/ms/-/ms-2.1.0.tgz. Extracting by manifest.
58 silly tarball no local data for @types/jsonwebtoken@https://registry.npmjs.org/@types/jsonwebtoken/-/jsonwebtoken-9.0.9.tgz. Extracting by manifest.
59 http fetch GET 200 https://registry.npmjs.org/@types/ms/-/ms-2.1.0.tgz 279ms (cache miss)
60 timing reifyNode:node_modules/@types/ms Completed in 320ms
61 http fetch POST 200 https://registry.npmjs.org/-/npm/v1/security/advisories/bulk 347ms
62 timing auditReport:getReport Completed in 365ms
63 silly audit report {}
64 timing auditReport:init Completed in 0ms
65 timing reify:audit Completed in 369ms
66 http fetch GET 200 https://registry.npmjs.org/@types/jsonwebtoken/-/jsonwebtoken-9.0.9.tgz 296ms (cache miss)
67 timing reifyNode:node_modules/@types/jsonwebtoken Completed in 340ms
68 timing reify:unpack Completed in 342ms
69 timing reify:unretire Completed in 0ms
70 timing build:queue Completed in 1ms
71 timing build:deps Completed in 3ms
72 timing build Completed in 3ms
73 timing reify:build Completed in 5ms
74 timing reify:trash Completed in 0ms
75 timing reify:save Completed in 70ms
76 timing reify Completed in 2187ms
77 silly ADD node_modules/@types/ms
78 silly ADD node_modules/@types/jsonwebtoken
79 timing command:install Completed in 2229ms
80 verbose exit 0
81 timing npm Completed in 2709ms
82 info ok
