0 verbose cli /usr/bin/node /usr/bin/npm
1 info using npm@9.2.0
2 info using node@v18.19.0
3 timing npm:load:whichnode Completed in 1ms
4 timing config:load:defaults Completed in 5ms
5 timing config:load:file:/usr/share/nodejs/npm/npmrc Completed in 6ms
6 timing config:load:builtin Completed in 6ms
7 timing config:load:cli Completed in 6ms
8 timing config:load:env Completed in 1ms
9 timing config:load:file:/home/aituter/.cache/typescript/5.8/.npmrc Completed in 0ms
10 timing config:load:project Completed in 11ms
11 timing config:load:file:/home/aituter/.npmrc Completed in 0ms
12 timing config:load:user Completed in 1ms
13 timing config:load:file:/etc/npmrc Completed in 0ms
14 timing config:load:global Completed in 1ms
15 timing config:load:setEnvs Completed in 2ms
16 timing config:load Completed in 36ms
17 timing npm:load:configload Completed in 36ms
18 timing npm:load:mkdirpcache Completed in 1ms
19 timing npm:load:mkdirplogs Completed in 0ms
20 verbose title npm install @types/cors@ts5.8 @types/express@ts5.8 @types/body-parser@ts5.8 @types/vary@ts5.8 @types/node@ts5.8 @types/merge-descriptors@ts5.8 @types/object-assign@ts5.8 @types/serve-static@ts5.8
21 verbose argv "install" "--ignore-scripts" "@types/cors@ts5.8" "@types/express@ts5.8" "@types/body-parser@ts5.8" "@types/vary@ts5.8" "@types/node@ts5.8" "@types/merge-descriptors@ts5.8" "@types/object-assign@ts5.8" "@types/serve-static@ts5.8" "--save-dev" "--user-agent" "typesInstaller/5.8.2"
22 timing npm:load:setTitle Completed in 6ms
23 timing config:load:flatten Completed in 10ms
24 timing npm:load:display Completed in 14ms
25 verbose logfile logs-max:10 dir:/home/aituter/.npm/_logs/2025-04-01T13_04_03_901Z-
26 verbose logfile /home/aituter/.npm/_logs/2025-04-01T13_04_03_901Z-debug-0.log
27 timing npm:load:logFile Completed in 22ms
28 timing npm:load:timers Completed in 0ms
29 timing npm:load:configScope Completed in 0ms
30 timing npm:load Completed in 82ms
31 silly logfile done cleaning log files
32 timing config:load:flatten Completed in 1ms
33 timing arborist:ctor Completed in 3ms
34 timing idealTree:init Completed in 56ms
35 timing arborist:ctor Completed in 1ms
36 http fetch GET 200 https://registry.npmjs.org/@types%2fcors 736ms (cache miss)
37 http fetch GET 200 https://registry.npmjs.org/@types%2fvary 928ms (cache miss)
38 http fetch GET 200 https://registry.npmjs.org/@types%2fobject-assign 934ms (cache miss)
39 http fetch GET 200 https://registry.npmjs.org/@types%2fbody-parser 962ms (cache miss)
40 http fetch GET 200 https://registry.npmjs.org/@types%2fexpress 974ms (cache miss)
41 http fetch GET 200 https://registry.npmjs.org/@types%2fserve-static 1014ms (cache miss)
42 http fetch GET 200 https://registry.npmjs.org/@types%2fmerge-descriptors 1056ms (cache miss)
43 http fetch GET 200 https://registry.npmjs.org/@types%2fnode 1566ms (cache miss)
44 timing idealTree:userRequests Completed in 1639ms
45 silly idealTree buildDeps
46 silly fetch manifest @types/cors@2.8.17
47 silly fetch manifest @types/vary@1.1.3
48 silly fetch manifest @types/object-assign@4.0.33
49 silly fetch manifest @types/body-parser@1.19.5
50 silly fetch manifest @types/express@5.0.1
51 silly fetch manifest @types/serve-static@1.15.7
52 silly fetch manifest @types/merge-descriptors@1.0.3
53 silly fetch manifest @types/node@22.13.16
54 silly placeDep ROOT @types/body-parser@1.19.5 OK for:  want: 1.19.5
55 silly placeDep ROOT @types/cors@2.8.17 OK for:  want: 2.8.17
56 silly placeDep ROOT @types/express@5.0.1 OK for:  want: 5.0.1
57 silly placeDep ROOT @types/merge-descriptors@1.0.3 OK for:  want: 1.0.3
58 silly placeDep ROOT @types/node@22.13.16 OK for:  want: 22.13.16
59 silly placeDep ROOT @types/object-assign@4.0.33 OK for:  want: 4.0.33
60 silly placeDep ROOT @types/serve-static@1.15.7 OK for:  want: 1.15.7
61 silly placeDep ROOT @types/vary@1.1.3 OK for:  want: 1.1.3
62 silly fetch manifest @types/connect@*
63 silly fetch manifest @types/express-serve-static-core@^5.0.0
64 silly fetch manifest undici-types@~6.20.0
65 silly fetch manifest @types/send@*
66 silly fetch manifest @types/http-errors@*
67 http fetch GET 200 https://registry.npmjs.org/@types%2fconnect 285ms (cache miss)
68 http fetch GET 200 https://registry.npmjs.org/@types%2fsend 302ms (cache miss)
69 http fetch GET 200 https://registry.npmjs.org/undici-types 325ms (cache miss)
70 http fetch GET 200 https://registry.npmjs.org/@types%2fhttp-errors 338ms (cache miss)
71 http fetch GET 200 https://registry.npmjs.org/@types%2fexpress-serve-static-core 376ms (cache miss)
72 timing idealTree:#root Completed in 498ms
73 silly placeDep ROOT @types/connect@3.4.38 OK for: @types/body-parser@1.19.5 want: *
74 timing idealTree:node_modules/@types/body-parser Completed in 14ms
75 timing idealTree:node_modules/@types/connect Completed in 0ms
76 timing idealTree:node_modules/@types/cors Completed in 0ms
77 silly placeDep ROOT @types/express-serve-static-core@5.0.6 OK for: @types/express@5.0.1 want: ^5.0.0
78 silly fetch manifest @types/qs@*
79 silly fetch manifest @types/range-parser@*
80 http fetch GET 200 https://registry.npmjs.org/@types%2frange-parser 139ms (cache miss)
81 http fetch GET 200 https://registry.npmjs.org/@types%2fqs 150ms (cache miss)
82 timing idealTree:node_modules/@types/express Completed in 171ms
83 silly placeDep ROOT @types/qs@6.9.18 OK for: @types/express-serve-static-core@5.0.6 want: *
84 silly placeDep ROOT @types/range-parser@1.2.7 OK for: @types/express-serve-static-core@5.0.6 want: *
85 silly placeDep ROOT @types/send@0.17.4 OK for: @types/express-serve-static-core@5.0.6 want: *
86 silly fetch manifest @types/mime@^1
87 http fetch GET 200 https://registry.npmjs.org/@types%2fmime 255ms (cache miss)
88 timing idealTree:node_modules/@types/express-serve-static-core Completed in 296ms
89 timing idealTree:node_modules/@types/merge-descriptors Completed in 1ms
90 silly placeDep ROOT undici-types@6.20.0 OK for: @types/node@22.13.16 want: ~6.20.0
91 timing idealTree:node_modules/@types/node Completed in 6ms
92 timing idealTree:node_modules/@types/object-assign Completed in 1ms
93 timing idealTree:node_modules/@types/qs Completed in 0ms
94 timing idealTree:node_modules/@types/range-parser Completed in 0ms
95 silly placeDep ROOT @types/mime@1.3.5 OK for: @types/send@0.17.4 want: ^1
96 timing idealTree:node_modules/@types/send Completed in 5ms
97 timing idealTree:node_modules/@types/mime Completed in 0ms
98 silly placeDep ROOT @types/http-errors@2.0.4 OK for: @types/serve-static@1.15.7 want: *
99 timing idealTree:node_modules/@types/serve-static Completed in 6ms
100 timing idealTree:node_modules/@types/http-errors Completed in 0ms
101 timing idealTree:node_modules/@types/vary Completed in 0ms
102 timing idealTree:node_modules/undici-types Completed in 0ms
103 timing idealTree:buildDeps Completed in 1008ms
104 timing idealTree:fixDepFlags Completed in 2ms
105 timing idealTree Completed in 2710ms
106 timing reify:loadTrees Completed in 2713ms
107 timing reify:diffTrees Completed in 8ms
108 silly reify moves {}
109 timing reify:retireShallow Completed in 3ms
110 timing reify:createSparse Completed in 16ms
111 timing reify:loadBundles Completed in 0ms
112 silly audit bulk request {
112 silly audit   'types-registry': [ '0.1.714' ],
112 silly audit   '@types/body-parser': [ '1.19.5' ],
112 silly audit   '@types/cors': [ '2.8.17' ],
112 silly audit   '@types/express': [ '5.0.1' ],
112 silly audit   '@types/merge-descriptors': [ '1.0.3' ],
112 silly audit   '@types/node': [ '22.13.16' ],
112 silly audit   '@types/object-assign': [ '4.0.33' ],
112 silly audit   '@types/serve-static': [ '1.15.7' ],
112 silly audit   '@types/vary': [ '1.1.3' ],
112 silly audit   '@types/connect': [ '3.4.38' ],
112 silly audit   '@types/express-serve-static-core': [ '5.0.6' ],
112 silly audit   '@types/qs': [ '6.9.18' ],
112 silly audit   '@types/range-parser': [ '1.2.7' ],
112 silly audit   '@types/send': [ '0.17.4' ],
112 silly audit   'undici-types': [ '6.20.0' ],
112 silly audit   '@types/mime': [ '1.3.5' ],
112 silly audit   '@types/http-errors': [ '2.0.4' ]
112 silly audit }
113 silly tarball no local data for @types/http-errors@https://registry.npmjs.org/@types/http-errors/-/http-errors-2.0.4.tgz. Extracting by manifest.
114 silly tarball no local data for @types/mime@https://registry.npmjs.org/@types/mime/-/mime-1.3.5.tgz. Extracting by manifest.
115 silly tarball no local data for undici-types@https://registry.npmjs.org/undici-types/-/undici-types-6.20.0.tgz. Extracting by manifest.
116 silly tarball no local data for @types/send@https://registry.npmjs.org/@types/send/-/send-0.17.4.tgz. Extracting by manifest.
117 silly tarball no local data for @types/range-parser@https://registry.npmjs.org/@types/range-parser/-/range-parser-1.2.7.tgz. Extracting by manifest.
118 silly tarball no local data for @types/qs@https://registry.npmjs.org/@types/qs/-/qs-6.9.18.tgz. Extracting by manifest.
119 silly tarball no local data for @types/express-serve-static-core@https://registry.npmjs.org/@types/express-serve-static-core/-/express-serve-static-core-5.0.6.tgz. Extracting by manifest.
120 silly tarball no local data for @types/connect@https://registry.npmjs.org/@types/connect/-/connect-3.4.38.tgz. Extracting by manifest.
121 silly tarball no local data for @types/vary@https://registry.npmjs.org/@types/vary/-/vary-1.1.3.tgz. Extracting by manifest.
122 silly tarball no local data for @types/serve-static@https://registry.npmjs.org/@types/serve-static/-/serve-static-1.15.7.tgz. Extracting by manifest.
123 silly tarball no local data for @types/object-assign@https://registry.npmjs.org/@types/object-assign/-/object-assign-4.0.33.tgz. Extracting by manifest.
124 silly tarball no local data for @types/node@https://registry.npmjs.org/@types/node/-/node-22.13.16.tgz. Extracting by manifest.
125 silly tarball no local data for @types/merge-descriptors@https://registry.npmjs.org/@types/merge-descriptors/-/merge-descriptors-1.0.3.tgz. Extracting by manifest.
126 silly tarball no local data for @types/express@https://registry.npmjs.org/@types/express/-/express-5.0.1.tgz. Extracting by manifest.
127 silly tarball no local data for @types/cors@https://registry.npmjs.org/@types/cors/-/cors-2.8.17.tgz. Extracting by manifest.
128 silly tarball no local data for @types/body-parser@https://registry.npmjs.org/@types/body-parser/-/body-parser-1.19.5.tgz. Extracting by manifest.
129 http fetch POST 200 https://registry.npmjs.org/-/npm/v1/security/advisories/bulk 625ms
130 timing auditReport:getReport Completed in 634ms
131 silly audit report {}
132 timing auditReport:init Completed in 0ms
133 timing reify:audit Completed in 637ms
134 http fetch GET 200 https://registry.npmjs.org/@types/mime/-/mime-1.3.5.tgz 798ms (cache miss)
135 timing reifyNode:node_modules/@types/mime Completed in 852ms
136 http fetch GET 200 https://registry.npmjs.org/@types/http-errors/-/http-errors-2.0.4.tgz 810ms (cache miss)
137 timing reifyNode:node_modules/@types/http-errors Completed in 860ms
138 http fetch GET 200 https://registry.npmjs.org/@types/send/-/send-0.17.4.tgz 802ms (cache miss)
139 timing reifyNode:node_modules/@types/send Completed in 865ms
140 http fetch GET 200 https://registry.npmjs.org/@types/range-parser/-/range-parser-1.2.7.tgz 804ms (cache miss)
141 timing reifyNode:node_modules/@types/range-parser Completed in 871ms
142 http fetch GET 200 https://registry.npmjs.org/@types/cors/-/cors-2.8.17.tgz 752ms (cache miss)
143 timing reifyNode:node_modules/@types/cors Completed in 878ms
144 http fetch GET 200 https://registry.npmjs.org/@types/connect/-/connect-3.4.38.tgz 803ms (cache miss)
145 timing reifyNode:node_modules/@types/connect Completed in 882ms
146 http fetch GET 200 https://registry.npmjs.org/@types/qs/-/qs-6.9.18.tgz 816ms (cache miss)
147 timing reifyNode:node_modules/@types/qs Completed in 886ms
148 http fetch GET 200 https://registry.npmjs.org/@types/body-parser/-/body-parser-1.19.5.tgz 755ms (cache miss)
149 timing reifyNode:node_modules/@types/body-parser Completed in 885ms
150 http fetch GET 200 https://registry.npmjs.org/@types/serve-static/-/serve-static-1.15.7.tgz 801ms (cache miss)
151 timing reifyNode:node_modules/@types/serve-static Completed in 893ms
152 http fetch GET 200 https://registry.npmjs.org/@types/vary/-/vary-1.1.3.tgz 813ms (cache miss)
153 timing reifyNode:node_modules/@types/vary Completed in 895ms
154 http fetch GET 200 https://registry.npmjs.org/@types/express-serve-static-core/-/express-serve-static-core-5.0.6.tgz 871ms (cache miss)
155 timing reifyNode:node_modules/@types/express-serve-static-core Completed in 947ms
156 http fetch GET 200 https://registry.npmjs.org/@types/merge-descriptors/-/merge-descriptors-1.0.3.tgz 924ms (cache miss)
157 timing reifyNode:node_modules/@types/merge-descriptors Completed in 1036ms
158 http fetch GET 200 https://registry.npmjs.org/@types/express/-/express-5.0.1.tgz 922ms (cache miss)
159 timing reifyNode:node_modules/@types/express Completed in 1037ms
160 http fetch GET 200 https://registry.npmjs.org/undici-types/-/undici-types-6.20.0.tgz 1064ms (cache miss)
161 timing reifyNode:node_modules/undici-types Completed in 1155ms
162 http fetch GET 200 https://registry.npmjs.org/@types/object-assign/-/object-assign-4.0.33.tgz 1454ms (cache miss)
163 timing reifyNode:node_modules/@types/object-assign Completed in 1549ms
164 http fetch GET 200 https://registry.npmjs.org/@types/node/-/node-22.13.16.tgz 1536ms (cache miss)
165 timing reifyNode:node_modules/@types/node Completed in 1635ms
166 timing reify:unpack Completed in 1639ms
167 timing reify:unretire Completed in 0ms
168 timing build:queue Completed in 3ms
169 timing build:deps Completed in 5ms
170 timing build Completed in 5ms
171 timing reify:build Completed in 6ms
172 timing reify:trash Completed in 0ms
173 timing reify:save Completed in 47ms
174 timing reify Completed in 4469ms
175 silly ADD node_modules/@types/http-errors
176 silly ADD node_modules/@types/mime
177 silly ADD node_modules/undici-types
178 silly ADD node_modules/@types/send
179 silly ADD node_modules/@types/range-parser
180 silly ADD node_modules/@types/qs
181 silly ADD node_modules/@types/express-serve-static-core
182 silly ADD node_modules/@types/connect
183 silly ADD node_modules/@types/vary
184 silly ADD node_modules/@types/serve-static
185 silly ADD node_modules/@types/object-assign
186 silly ADD node_modules/@types/node
187 silly ADD node_modules/@types/merge-descriptors
188 silly ADD node_modules/@types/express
189 silly ADD node_modules/@types/cors
190 silly ADD node_modules/@types/body-parser
191 timing command:install Completed in 4491ms
192 verbose exit 0
193 timing npm Completed in 4653ms
194 info ok
