2025-04-01 20:03:35.830 [info] [main] Log level: Info
2025-04-01 20:03:35.830 [info] [main] Validating found git in: "git"
2025-04-01 20:03:35.830 [info] [main] Using git "2.39.5" from "git"
2025-04-01 20:03:35.830 [info] [Model][doInitialScan] Initial repository scan started
2025-04-01 20:03:35.830 [info] > git rev-parse --show-toplevel [14ms]
2025-04-01 20:03:35.830 [info] fatal: not a git repository (or any of the parent directories): .git
2025-04-01 20:03:35.868 [info] > git rev-parse --show-toplevel [38ms]
2025-04-01 20:03:35.868 [info] fatal: not a git repository (or any of the parent directories): .git
2025-04-01 20:03:35.879 [info] > git rev-parse --show-toplevel [5ms]
2025-04-01 20:03:35.880 [info] fatal: not a git repository (or any of the parent directories): .git
2025-04-01 20:03:35.892 [info] > git rev-parse --show-toplevel [7ms]
2025-04-01 20:03:35.893 [info] fatal: not a git repository (or any of the parent directories): .git
2025-04-01 20:03:35.903 [info] [Model][doInitialScan] Initial repository scan completed - repositories (0), closed repositories (0), parent repositories (0), unsafe repositories (0)
2025-04-01 20:03:36.976 [info] > git rev-parse --show-toplevel [8ms]
2025-04-01 20:03:36.977 [info] fatal: not a git repository (or any of the parent directories): .git
2025-04-01 20:03:41.143 [info] > git rev-parse --show-toplevel [37ms]
2025-04-01 20:03:41.143 [info] fatal: not a git repository (or any of the parent directories): .git
2025-04-01 23:46:55.526 [info] > git rev-parse --show-toplevel [45ms]
2025-04-01 23:46:55.528 [info] fatal: not a git repository (or any of the parent directories): .git
2025-04-01 23:46:56.702 [info] > git rev-parse --show-toplevel [13ms]
2025-04-01 23:46:56.702 [info] fatal: not a git repository (or any of the parent directories): .git
